Preprocessing started. 16:25
This many total parts 15061
1580 13478
Processing Started. 16:36
13479/15061 finished.
7.653318029800955e-05 hours left.
13482/15061 finished.
7.638742401600315e-05 hours left.
13484/15061 finished.
7.628029131253592e-05 hours left.
13485/15061 finished.
7.750642286391892e-05 hours left.
13486/15061 finished.
7.776303229797988e-05 hours left.
13487/15061 finished.
7.809197726001069e-05 hours left.
13488/15061 finished.
7.803754294022312e-05 hours left.
13489/15061 finished.
0.00010994236142928692 hours left.
13490/15061 finished.
0.00010986820453180043 hours left.
13491/15061 finished.
0.00010979241971734208 hours left.
13492/15061 finished.
0.00010971477942005402 hours left.
13493/15061 finished.
0.0001096370423445898 hours left.
13494/15061 finished.
0.0001095593010070007 hours left.
13495/15061 finished.
0.00010948157849334796 hours left.
13496/15061 finished.
0.00010940385942523331 hours left.
13497/15061 finished.
0.00010932614381661141 hours left.
13498/15061 finished.
0.00010924843168143267 hours left.
13499/15061 finished.
0.00010917074602360701 hours left.
13500/15061 finished.
0.0007510531385690588 hours left.
13501/15061 finished.
0.0007505172659278702 hours left.
13502/15061 finished.
0.0007499808445186585 hours left.
13503/15061 finished.
0.0007494444717016205 hours left.
13504/15061 finished.
0.0007489081627967375 hours left.
13505/15061 finished.
0.0007483719330802214 hours left.
13506/15061 finished.
0.0014030433090011607 hours left.
13507/15061 finished.
0.0014020387457852797 hours left.
13508/15061 finished.
0.0014010330349490307 hours left.
13509/15061 finished.
0.0020517211867500857 hours left.
13510/15061 finished.
0.0020502482307801387 hours left.
13511/15061 finished.
0.0020487749067964263 hours left.
13512/15061 finished.
0.0020473017930223805 hours left.
13513/15061 finished.
0.0020458288666657335 hours left.
13514/15061 finished.
0.0020443561656502155 hours left.
13515/15061 finished.
0.0020428836823352613 hours left.
13516/15061 finished.
0.0020414114015317826 hours left.
13517/15061 finished.
0.002070594574501975 hours left.
13518/15061 finished.
0.002069102974320988 hours left.
13519/15061 finished.
0.0020676092875527895 hours left.
13520/15061 finished.
0.0020661157988046126 hours left.
13521/15061 finished.
0.002064622515619699 hours left.
13522/15061 finished.
0.0020631294455194663 hours left.
13523/15061 finished.
0.0020616365884713354 hours left.
13524/15061 finished.
0.002060143959496195 hours left.
13525/15061 finished.
0.002058651543486214 hours left.
13526/15061 finished.
0.0020571593554404933 hours left.
13527/15061 finished.
0.0020556673877834162 hours left.
13528/15061 finished.
0.002054175632961187 hours left.
13529/15061 finished.
0.0020526841059402387 hours left.
13530/15061 finished.
0.002051192799161355 hours left.
13531/15061 finished.
0.0020497016975985567 hours left.
13532/15061 finished.
0.002048210831168219 hours left.
13533/15061 finished.
0.0020467201698781356 hours left.
13534/15061 finished.
0.0020452297361288965 hours left.
13535/15061 finished.
0.0020437395223886004 hours left.
13536/15061 finished.
0.002042249536069831 hours left.
13537/15061 finished.
0.0020407597771075103 hours left.
13538/15061 finished.
0.002039270215634748 hours left.
13539/15061 finished.
0.0020377808814318744 hours left.
13540/15061 finished.
0.0020362917595547095 hours left.
13541/15061 finished.
0.0027399671621691755 hours left.
13542/15061 finished.
0.0027379639662773974 hours left.
13543/15061 finished.
0.0027359596833650144 hours left.
13544/15061 finished.
0.00273395565902654 hours left.
13545/15061 finished.
0.0027319519081028102 hours left.
13546/15061 finished.
0.0027299484676120023 hours left.
13547/15061 finished.
0.002727945315251508 hours left.
13548/15061 finished.
0.002725942443576114 hours left.
13549/15061 finished.
0.002723939874724925 hours left.
13550/15061 finished.
0.0027219376012310235 hours left.
13551/15061 finished.
0.002719935630408797 hours left.
13552/15061 finished.
0.002717933947427894 hours left.
13553/15061 finished.
0.0027159325596081726 hours left.
13554/15061 finished.
0.0027139316656983803 hours left.
13555/15061 finished.
0.002711930904648745 hours left.
13556/15061 finished.
0.0027099304017469627 hours left.
13557/15061 finished.
0.002707930186397984 hours left.
13558/15061 finished.
0.002705930273236383 hours left.
13559/15061 finished.
0.002703930662180644 hours left.
13560/15061 finished.
0.002701931331156512 hours left.
13561/15061 finished.
0.002699932302107833 hours left.
13562/15061 finished.
0.0026979335603130104 hours left.
13563/15061 finished.
0.0026959351203524567 hours left.
13564/15061 finished.
0.002693936967526309 hours left.
13565/15061 finished.
0.0026919391163933285 hours left.
13566/15061 finished.
0.002689941559573763 hours left.
13567/15061 finished.
0.0026879442897095665 hours left.
13568/15061 finished.
0.0026859473213270324 hours left.
13569/15061 finished.
0.002683950639780599 hours left.
13570/15061 finished.
0.002681954259574926 hours left.
13571/15061 finished.
0.00267995816608616 hours left.
13572/15061 finished.
0.0026779623737973315 hours left.
13573/15061 finished.
0.002675966868106291 hours left.
13574/15061 finished.
0.002673971663474443 hours left.
13575/15061 finished.
0.0026719767453213376 hours left.
13576/15061 finished.
0.0026699821280867617 hours left.
13577/15061 finished.
0.005229271235409069 hours left.
13578/15061 finished.
0.0052253634091527935 hours left.
13579/15061 finished.
0.005221455571905288 hours left.
13580/15061 finished.
0.005217548259325609 hours left.
13581/15061 finished.
0.005213641521920532 hours left.
13582/15061 finished.
0.005209735345139464 hours left.
13583/15061 finished.
0.005205829757713303 hours left.
13584/15061 finished.
0.005201924730678797 hours left.
13585/15061 finished.
0.005198020285528111 hours left.
13586/15061 finished.
0.005194116407737828 hours left.
13587/15061 finished.
0.005190213104382047 hours left.
13588/15061 finished.
0.005186310382513288 hours left.
13589/15061 finished.
0.005182408241988556 hours left.
13590/15061 finished.
0.005178506668327817 hours left.
13591/15061 finished.
0.00517460565425742 hours left.
13592/15061 finished.
0.005170705221156315 hours left.
13593/15061 finished.
0.005166805361729322 hours left.
13594/15061 finished.
0.005162906090143727 hours left.
13595/15061 finished.
0.005159007370532848 hours left.
13596/15061 finished.
0.005155109238499484 hours left.
13597/15061 finished.
0.005151211672492501 hours left.
13598/15061 finished.
0.005147314686652357 hours left.
13599/15061 finished.
0.005143418273716488 hours left.
13600/15061 finished.
0.005139522426443942 hours left.
13601/15061 finished.
0.005135627158942921 hours left.
13602/15061 finished.
0.005131732456863367 hours left.
13603/15061 finished.
0.005127838327193588 hours left.
13604/15061 finished.
0.0051239447698073525 hours left.
13605/15061 finished.
0.005120051798753709 hours left.
13606/15061 finished.
0.005116159385545244 hours left.
13607/15061 finished.
0.005112267551318703 hours left.
13608/15061 finished.
0.00510837627471747 hours left.
13609/15061 finished.
0.005104485583912106 hours left.
13610/15061 finished.
0.005100595464622919 hours left.
13611/15061 finished.
0.0050967059026133365 hours left.
13612/15061 finished.
0.005092816925989401 hours left.
13613/15061 finished.
0.005088928513459313 hours left.
13614/15061 finished.
0.005085040678991665 hours left.
13615/15061 finished.
0.00508115340837695 hours left.
13616/15061 finished.
0.00507726671556231 hours left.
13617/15061 finished.
0.005073380586359832 hours left.
13618/15061 finished.
0.005069495027677577 hours left.
13619/15061 finished.
0.00506561003938987 hours left.
13620/15061 finished.
0.005061725621371075 hours left.
13621/15061 finished.
0.005057841773495591 hours left.
13622/15061 finished.
0.005053958502633978 hours left.
13623/15061 finished.
0.005050075787672335 hours left.
13624/15061 finished.
0.005046193649473549 hours left.
13625/15061 finished.
0.005042312080916036 hours left.
13626/15061 finished.
0.0050384310888490135 hours left.
13627/15061 finished.
0.0050345506731309855 hours left.
13628/15061 finished.
0.0050306709868259926 hours left.
13629/15061 finished.
0.005026791730222003 hours left.
13630/15061 finished.
0.0050229130078131715 hours left.
13631/15061 finished.
0.005019034861241475 hours left.
13632/15061 finished.
0.005015157269538381 hours left.
13633/15061 finished.
0.005011280260359111 hours left.
13634/15061 finished.
0.00500740381275131 hours left.
13635/15061 finished.
0.005003527933532303 hours left.
13636/15061 finished.
0.0049996526156560975 hours left.
13637/15061 finished.
0.004995777886676098 hours left.
13638/15061 finished.
0.004991903711867964 hours left.
13639/15061 finished.
0.004988030111853507 hours left.
13640/15061 finished.
0.004984157065793255 hours left.
13641/15061 finished.
0.0049802846080651796 hours left.
13642/15061 finished.
0.004976412710941113 hours left.
13643/15061 finished.
0.004972541367428928 hours left.
13644/15061 finished.
0.004968670604948252 hours left.
13645/15061 finished.
0.004964800402724118 hours left.
13646/15061 finished.
0.004960930774382601 hours left.
13647/15061 finished.
0.004957061699197031 hours left.
13648/15061 finished.
0.0049531932045014495 hours left.
13649/15061 finished.
0.004949325269585331 hours left.
13650/15061 finished.
0.004945457908032044 hours left.
13651/15061 finished.
0.004941591099179324 hours left.
13652/15061 finished.
0.004937724877110907 hours left.
13653/15061 finished.
0.004933859214334738 hours left.
13654/15061 finished.
0.004929994124391513 hours left.
13655/15061 finished.
0.004926129586683336 hours left.
13656/15061 finished.
0.004922265614745619 hours left.
13657/15061 finished.
0.0049184022220710175 hours left.
13658/15061 finished.
0.004914539381290719 hours left.
13659/15061 finished.
0.004910677112705921 hours left.
13660/15061 finished.
0.004906815395799133 hours left.
13661/15061 finished.
0.0049029542712007825 hours left.
13662/15061 finished.
0.00489909370481395 hours left.
13663/15061 finished.
0.0048952336829778155 hours left.
13664/15061 finished.
0.004891374232700653 hours left.
13665/15061 finished.
0.004887515353842441 hours left.
13666/15061 finished.
0.004883657039502835 hours left.
13667/15061 finished.
0.00487979928280289 hours left.
13668/15061 finished.
0.004875942090384434 hours left.
13669/15061 finished.
0.0048720854621236214 hours left.
13670/15061 finished.
0.004868229411374668 hours left.
13671/15061 finished.
0.004864373911047076 hours left.
13672/15061 finished.
0.004860518974505811 hours left.
13673/15061 finished.
0.004856664608350173 hours left.
13674/15061 finished.
0.004852810799005159 hours left.
13675/15061 finished.
0.004848957559787813 hours left.
13676/15061 finished.
0.004845104870437542 hours left.
13677/15061 finished.
0.004841252764371123 hours left.
13678/15061 finished.
0.004837401201239035 hours left.
13679/15061 finished.
0.004833550214420803 hours left.
13680/15061 finished.
0.004829699777018295 hours left.
13681/15061 finished.
0.004825849929022149 hours left.
13682/15061 finished.
0.004822000630194947 hours left.
13683/15061 finished.
0.004818151880445325 hours left.
13684/15061 finished.
0.004814303699675028 hours left.
13685/15061 finished.
0.004810456081085769 hours left.
13686/15061 finished.
0.004806609031208027 hours left.
13687/15061 finished.
0.004802762536605867 hours left.
13688/15061 finished.
0.004798916603815162 hours left.
13689/15061 finished.
0.004795071239350524 hours left.
13690/15061 finished.
0.004791226429808074 hours left.
13691/15061 finished.
0.004787382181707816 hours left.
13692/15061 finished.
0.004783538501548509 hours left.
13693/15061 finished.
0.004779695375958309 hours left.
13694/15061 finished.
0.004775852811441367 hours left.
13695/15061 finished.
0.004772010807874773 hours left.
13696/15061 finished.
0.004768169378336647 hours left.
13697/15061 finished.
0.004764328502886716 hours left.
13698/15061 finished.
0.004760488174828271 hours left.
13699/15061 finished.
0.004756648420408629 hours left.
13700/15061 finished.
0.004752809226314711 hours left.
13701/15061 finished.
0.004748970592423821 hours left.
13702/15061 finished.
0.004745132512044705 hours left.
13703/15061 finished.
0.004741295070393472 hours left.
13704/15061 finished.
0.004737458109764797 hours left.
13705/15061 finished.
0.00473362171541205 hours left.
13706/15061 finished.
0.004729785874102068 hours left.
13707/15061 finished.
0.004725950592270352 hours left.
13708/15061 finished.
0.004722115869794464 hours left.
13709/15061 finished.
0.004718281713083428 hours left.
13710/15061 finished.
0.004714448115472826 hours left.
13711/15061 finished.
0.004710615076840328 hours left.
13712/15061 finished.
0.00470678260357915 hours left.
13713/15061 finished.
0.004702950682530696 hours left.
13714/15061 finished.
0.004699119326598469 hours left.
13715/15061 finished.
0.004695288516145559 hours left.
13716/15061 finished.
0.00469145827056453 hours left.
13717/15061 finished.
0.004687628589717358 hours left.
13718/15061 finished.
0.004683799447531262 hours left.
13719/15061 finished.
0.00467997088280229 hours left.
13720/15061 finished.
0.004676142862995234 hours left.
13721/15061 finished.
0.004672315400955513 hours left.
13722/15061 finished.
0.0046684884965611856 hours left.
13723/15061 finished.
0.004664662156147549 hours left.
13724/15061 finished.
0.004660836366673023 hours left.
13725/15061 finished.
0.004657011147371503 hours left.
13726/15061 finished.
0.004653186478765461 hours left.
13727/15061 finished.
0.004649362354312992 hours left.
13728/15061 finished.
0.00464553879964706 hours left.
13729/15061 finished.
0.0046417157889124495 hours left.
13730/15061 finished.
0.004637893347699848 hours left.
13731/15061 finished.
0.004634071450196456 hours left.
13732/15061 finished.
0.004630250121950698 hours left.
13733/15061 finished.
0.004626429343596447 hours left.
13734/15061 finished.
0.004622609121427044 hours left.
13735/15061 finished.
0.004618789455321009 hours left.
13736/15061 finished.
0.004614970345156891 hours left.
13737/15061 finished.
0.004611151784430154 hours left.
13738/15061 finished.
0.004607333792168807 hours left.
13739/15061 finished.
0.004603516349102123 hours left.
13740/15061 finished.
0.004599699461491926 hours left.
13741/15061 finished.
0.0045958831292169456 hours left.
13742/15061 finished.
0.004592067358512658 hours left.
13743/15061 finished.
0.004588252130187732 hours left.
13744/15061 finished.
0.004584437469537285 hours left.
13745/15061 finished.
0.004580883206172873 hours left.
13746/15061 finished.
0.004577070180007693 hours left.
13747/15061 finished.
0.0045732570805358495 hours left.
13748/15061 finished.
0.004569444503757165 hours left.
13749/15061 finished.
0.0045656324685891085 hours left.
13750/15061 finished.
0.00456182098757137 hours left.
13751/15061 finished.
0.004558010060583053 hours left.
13752/15061 finished.
0.004554199687503295 hours left.
13753/15061 finished.
0.004550389861912615 hours left.
13754/15061 finished.
0.004546580885788425 hours left.
13755/15061 finished.
0.004542772110591167 hours left.
13756/15061 finished.
0.004538963888924842 hours left.
13757/15061 finished.
0.004535156226946304 hours left.
13758/15061 finished.
0.004531349105702178 hours left.
13759/15061 finished.
0.00452754255017156 hours left.
13760/15061 finished.
0.004523736535155187 hours left.
13761/15061 finished.
0.004519931073077089 hours left.
13762/15061 finished.
0.0045161261638167255 hours left.
13763/15061 finished.
0.004512321813499561 hours left.
13764/15061 finished.
0.004508518015748634 hours left.
13765/15061 finished.
0.004504714764208089 hours left.
13766/15061 finished.
0.004500912058773323 hours left.
13767/15061 finished.
0.0044971099055646675 hours left.
13768/15061 finished.
0.004493308310681435 hours left.
13769/15061 finished.
0.0044895072677731684 hours left.
13770/15061 finished.
0.004485706776719611 hours left.
13771/15061 finished.
0.004481906837400545 hours left.
13772/15061 finished.
0.004478107449695778 hours left.
13773/15061 finished.
0.004474308607291826 hours left.
13774/15061 finished.
0.004470510322460505 hours left.
13775/15061 finished.
0.004466712582700314 hours left.
13776/15061 finished.
0.0044629154002621095 hours left.
13777/15061 finished.
0.00445911894166257 hours left.
13778/15061 finished.
0.004455322873319161 hours left.
13779/15061 finished.
0.004451527343405123 hours left.
13780/15061 finished.
0.004447732364145177 hours left.
13781/15061 finished.
0.004443937935419448 hours left.
13782/15061 finished.
0.004440144044816005 hours left.
13783/15061 finished.
0.004436350716809736 hours left.
13784/15061 finished.
0.004432557938978275 hours left.
13785/15061 finished.
0.004428765705071592 hours left.
13786/15061 finished.
0.004424974021110782 hours left.
13787/15061 finished.
0.004421182893095979 hours left.
13788/15061 finished.
0.004417392308662705 hours left.
13789/15061 finished.
0.0044136022738164105 hours left.
13790/15061 finished.
0.004409812800645656 hours left.
13791/15061 finished.
0.004596005482957129 hours left.
13792/15061 finished.
0.004592054282723474 hours left.
13793/15061 finished.
0.004609021551529122 hours left.
13794/15061 finished.
0.004605054225015054 hours left.
13795/15061 finished.
0.004601086231566748 hours left.
13796/15061 finished.
0.0045971187827152475 hours left.
13797/15061 finished.
0.004593151902683589 hours left.
13798/15061 finished.
0.004589185597424623 hours left.
13799/15061 finished.
0.004585219854699619 hours left.
13800/15061 finished.
0.00458125469862167 hours left.
13801/15061 finished.
0.004577290110895232 hours left.
13802/15061 finished.
0.004573326103493508 hours left.
13803/15061 finished.
0.004569362658168164 hours left.
13804/15061 finished.
0.0045653997989486385 hours left.
13805/15061 finished.
0.004561437507602376 hours left.
13806/15061 finished.
0.00455747579606084 hours left.
13807/15061 finished.
0.004553514658168657 hours left.
13808/15061 finished.
0.004549554087791424 hours left.
13809/15061 finished.
0.004545594090824774 hours left.
13810/15061 finished.
0.004541634673143452 hours left.
13811/15061 finished.
0.004537675822619083 hours left.
13812/15061 finished.
0.004533717539142863 hours left.
13813/15061 finished.
0.004529759840556888 hours left.
13814/15061 finished.
0.004525802714748583 hours left.
13815/15061 finished.
0.0045218461615935636 hours left.
13816/15061 finished.
0.004517890174999542 hours left.
13817/15061 finished.
0.004513934766783321 hours left.
13818/15061 finished.
0.0045099799308474554 hours left.
13819/15061 finished.
0.004506025661115441 hours left.
13820/15061 finished.
0.0045020719634257895 hours left.
13821/15061 finished.
0.004498118837654334 hours left.
13822/15061 finished.
0.004494166289613543 hours left.
13823/15061 finished.
0.004490214307300896 hours left.
13824/15061 finished.
0.0044862628965341555 hours left.
13825/15061 finished.
0.004482312057189298 hours left.
13826/15061 finished.
0.004478361800973785 hours left.
13827/15061 finished.
0.004474412104090328 hours left.
13828/15061 finished.
0.004470462984162188 hours left.
13829/15061 finished.
0.004466514429249686 hours left.
13830/15061 finished.
0.004462566456929205 hours left.
13831/15061 finished.
0.0044586190493767115 hours left.
13832/15061 finished.
0.004454672200599647 hours left.
13833/15061 finished.
0.004450725939901647 hours left.
13834/15061 finished.
0.004446780237742065 hours left.
13835/15061 finished.
0.004442835105766097 hours left.
13836/15061 finished.
0.004438890543850115 hours left.
13837/15061 finished.
0.004434946557728896 hours left.
13838/15061 finished.
0.004431003135556926 hours left.
13839/15061 finished.
0.004427060288922219 hours left.
13840/15061 finished.
0.004423118000157421 hours left.
13841/15061 finished.
0.0044191762983580305 hours left.
13842/15061 finished.
0.004415235165856768 hours left.
13843/15061 finished.
0.004411294585048869 hours left.
13844/15061 finished.
0.00440735458496746 hours left.
13845/15061 finished.
0.004403415148007841 hours left.
13846/15061 finished.
0.004399476291496906 hours left.
13847/15061 finished.
0.00439553799205494 hours left.
13848/15061 finished.
0.004391600261192181 hours left.
13849/15061 finished.
0.004387663098785465 hours left.
13850/15061 finished.
0.004383726510502371 hours left.
13851/15061 finished.
0.004379790490418692 hours left.
13852/15061 finished.
0.00514615353385114 hours left.
13853/15061 finished.
0.005141526496589073 hours left.
13854/15061 finished.
0.0051368996588163065 hours left.
13855/15061 finished.
0.005132273482828955 hours left.
13856/15061 finished.
0.005127647956979024 hours left.
13857/15061 finished.
0.005123023098431765 hours left.
13858/15061 finished.
0.0051183989012935855 hours left.
13859/15061 finished.
0.005113775382667477 hours left.
13860/15061 finished.
0.005109152519422902 hours left.
13861/15061 finished.
0.0051045303286473605 hours left.
13862/15061 finished.
0.005099908804452615 hours left.
13863/15061 finished.
0.005095287946694415 hours left.
13864/15061 finished.
0.005090667755228553 hours left.
13865/15061 finished.
0.005086048229910861 hours left.
13866/15061 finished.
0.005081429364889603 hours left.
13867/15061 finished.
0.005076811171441103 hours left.
13868/15061 finished.
0.005072193638011285 hours left.
13869/15061 finished.
0.0050675767758558065 hours left.
13870/15061 finished.
0.0050629605734414185 hours left.
13871/15061 finished.
0.005058346115840676 hours left.
13872/15061 finished.
0.005053731328033757 hours left.
13873/15061 finished.
0.005049117176721618 hours left.
13874/15061 finished.
0.00504450363350757 hours left.
13875/15061 finished.
0.0050398908229442214 hours left.
13876/15061 finished.
0.005035278603307129 hours left.
13877/15061 finished.
0.005030667098967625 hours left.
13878/15061 finished.
0.0050260562362519105 hours left.
13879/15061 finished.
0.005021446037639483 hours left.
13880/15061 finished.
0.005016836525527019 hours left.
13881/15061 finished.
0.00501222759837112 hours left.
13882/15061 finished.
0.005007619323742147 hours left.
13883/15061 finished.
0.005003011830776778 hours left.
13884/15061 finished.
0.004998404944960762 hours left.
13885/15061 finished.
0.004993798683133535 hours left.
13886/15061 finished.
0.004989193168548496 hours left.
13887/15061 finished.
0.004984588221667061 hours left.
13888/15061 finished.
0.004979983982451248 hours left.
13889/15061 finished.
0.0049753804506337635 hours left.
13890/15061 finished.
0.0049707775645309055 hours left.
13891/15061 finished.
0.004966175335202427 hours left.
13892/15061 finished.
0.00496157377923973 hours left.
13893/15061 finished.
0.004956972874197573 hours left.
13894/15061 finished.
0.004952372642214573 hours left.
13895/15061 finished.
0.004947773060886915 hours left.
13896/15061 finished.
0.0049431741523119676 hours left.
13897/15061 finished.
0.004938575888580178 hours left.
13898/15061 finished.
0.004933978424770698 hours left.
13899/15061 finished.
0.004929381538880824 hours left.
13900/15061 finished.
0.004924785297380077 hours left.
13901/15061 finished.
0.004920189694645778 hours left.
13902/15061 finished.
0.004915594763725233 hours left.
13903/15061 finished.
0.004911000460315538 hours left.
13904/15061 finished.
0.004906406861521173 hours left.
13905/15061 finished.
0.004901813912017303 hours left.
13906/15061 finished.
0.0048972216226938125 hours left.
13907/15061 finished.
0.0048926298999842 hours left.
13908/15061 finished.
0.00488803883185514 hours left.
13909/15061 finished.
0.004883448418179733 hours left.
13910/15061 finished.
0.004878858675271313 hours left.
13911/15061 finished.
0.004874269602956659 hours left.
13912/15061 finished.
0.004869681195592845 hours left.
13913/15061 finished.
0.004865093425699186 hours left.
13914/15061 finished.
0.004860506315033165 hours left.
13915/15061 finished.
0.00485591993435855 hours left.
13916/15061 finished.
0.004851334223391731 hours left.
13917/15061 finished.
0.004846749187403789 hours left.
13918/15061 finished.
0.004842164777256768 hours left.
13919/15061 finished.
0.004837581074406925 hours left.
13920/15061 finished.
0.004832997991716534 hours left.
13921/15061 finished.
0.004828415599656117 hours left.
13922/15061 finished.
0.004823833822135611 hours left.
13923/15061 finished.
0.004819252734920334 hours left.
13924/15061 finished.
0.004814672289104236 hours left.
13925/15061 finished.
0.004810092517008878 hours left.
13926/15061 finished.
0.004805513574979014 hours left.
13927/15061 finished.
0.004800935155004766 hours left.
13928/15061 finished.
0.004796357321979038 hours left.
13929/15061 finished.
0.004791780199752658 hours left.
13930/15061 finished.
0.004787310389275471 hours left.
13931/15061 finished.
0.0047827344408182 hours left.
13932/15061 finished.
0.004778159079128397 hours left.
13933/15061 finished.
0.00477358436860543 hours left.
13934/15061 finished.
0.005332495779544793 hours left.
13935/15061 finished.
0.005327383331603679 hours left.
13936/15061 finished.
0.005322270315615236 hours left.
13937/15061 finished.
0.005317157990335644 hours left.
13938/15061 finished.
0.005312046403754391 hours left.
13939/15061 finished.
0.0053069355397056 hours left.
13940/15061 finished.
0.005301825414039521 hours left.
13941/15061 finished.
0.005296716010621166 hours left.
13942/15061 finished.
0.005291607350585553 hours left.
13943/15061 finished.
0.005286499417813183 hours left.
13944/15061 finished.
0.0052813922227722765 hours left.
13945/15061 finished.
0.005276285759989786 hours left.
13946/15061 finished.
0.005271180024013231 hours left.
13947/15061 finished.
0.005266075025280187 hours left.
13948/15061 finished.
0.005260970758333134 hours left.
13949/15061 finished.
0.005255867228294268 hours left.
13950/15061 finished.
0.005351068717405076 hours left.
13951/15061 finished.
0.00543360570862886 hours left.
13952/15061 finished.
0.005428322074639588 hours left.
13953/15061 finished.
0.0054230388024750255 hours left.
13954/15061 finished.
0.005417756260902231 hours left.
13955/15061 finished.
0.005412474465581839 hours left.
13956/15061 finished.
0.005407193432113045 hours left.
13957/15061 finished.
0.005401913139363487 hours left.
13958/15061 finished.
0.0053966336133840255 hours left.
13959/15061 finished.
0.005391354843524698 hours left.
13960/15061 finished.
0.005386076834846249 hours left.
13961/15061 finished.
0.005380799571516532 hours left.
13962/15061 finished.
0.005375523063829854 hours left.
13963/15061 finished.
0.005370247311623861 hours left.
13964/15061 finished.
0.005364972319939017 hours left.
13965/15061 finished.
0.005359698088597714 hours left.
13966/15061 finished.
0.005354424601844788 hours left.
13967/15061 finished.
0.005349151864736179 hours left.
13968/15061 finished.
0.005343879887489731 hours left.
13969/15061 finished.
0.0053386086699280305 hours left.
13970/15061 finished.
0.0053333382015295396 hours left.
13971/15061 finished.
0.005328068487314589 hours left.
13972/15061 finished.
0.005322799527121245 hours left.
13973/15061 finished.
0.005317531320787618 hours left.
13974/15061 finished.
0.005312263873303519 hours left.
13975/15061 finished.
0.005306997169052196 hours left.
13976/15061 finished.
0.005301731228468293 hours left.
13977/15061 finished.
0.005296466035950475 hours left.
13978/15061 finished.
0.005291201596483627 hours left.
13979/15061 finished.
0.005285937915032261 hours left.
13980/15061 finished.
0.005280674981177469 hours left.
13981/15061 finished.
0.0052754127998889564 hours left.
13982/15061 finished.
0.005270151376116061 hours left.
13983/15061 finished.
0.0052648907045763456 hours left.
13984/15061 finished.
0.005259630785108432 hours left.
13985/15061 finished.
0.005254371622646494 hours left.
13986/15061 finished.
0.005249113206833135 hours left.
13987/15061 finished.
0.005243855547693033 hours left.
13988/15061 finished.
0.0052385986298090674 hours left.
13989/15061 finished.
0.005233343346270555 hours left.
13990/15061 finished.
0.005228087894400159 hours left.
13991/15061 finished.
0.005222833178360116 hours left.
13992/15061 finished.
0.005217579218274559 hours left.
13993/15061 finished.
0.005212326003857754 hours left.
13994/15061 finished.
0.005207073540013683 hours left.
13995/15061 finished.
0.005201821831625994 hours left.
13996/15061 finished.
0.00519657086843966 hours left.
13997/15061 finished.
0.005191320655343513 hours left.
13998/15061 finished.
0.005186071192176798 hours left.
13999/15061 finished.
0.0051808224787788055 hours left.
14000/15061 finished.
0.005175574625408839 hours left.
14001/15061 finished.
0.0051703274259963915 hours left.
14002/15061 finished.
0.005165080960813559 hours left.
14003/15061 finished.
0.0051598352447570816 hours left.
14004/15061 finished.
0.005154590282665219 hours left.
14005/15061 finished.
0.005149346064374971 hours left.
14006/15061 finished.
0.005144102594729771 hours left.
14007/15061 finished.
0.005138859873569279 hours left.
14008/15061 finished.
0.005133617905711597 hours left.
14009/15061 finished.
0.005128376686007905 hours left.
14010/15061 finished.
0.005123136204361528 hours left.
14011/15061 finished.
0.005117896485458568 hours left.
14012/15061 finished.
0.005112657504302812 hours left.
14013/15061 finished.
0.005107419275623656 hours left.
14014/15061 finished.
0.005102181799245841 hours left.
14015/15061 finished.
0.005096945065108482 hours left.
14016/15061 finished.
0.0050917090780046425 hours left.
14017/15061 finished.
0.005086473832841759 hours left.
14018/15061 finished.
0.0050812393344028236 hours left.
14019/15061 finished.
0.005076005582528043 hours left.
14020/15061 finished.
0.005070772581975119 hours left.
14021/15061 finished.
0.005065540322744367 hours left.
14022/15061 finished.
0.005060308809598657 hours left.
14023/15061 finished.
0.005055078042378375 hours left.
14024/15061 finished.
0.005049848025821117 hours left.
14025/15061 finished.
0.005044618749967965 hours left.
14026/15061 finished.
0.005039390219561676 hours left.
14027/15061 finished.
0.0050341624344428185 hours left.
14028/15061 finished.
0.0050289353993288885 hours left.
14029/15061 finished.
0.005023709104301716 hours left.
14030/15061 finished.
0.005018483563817443 hours left.
14031/15061 finished.
0.005013258763101388 hours left.
14032/15061 finished.
0.0050080346971529376 hours left.
14033/15061 finished.
0.005002811385249512 hours left.
14034/15061 finished.
0.004997588822355127 hours left.
14035/15061 finished.
0.00499236699861269 hours left.
14036/15061 finished.
0.0049871459138783715 hours left.
14037/15061 finished.
0.004981925577670967 hours left.
14038/15061 finished.
0.0049767059753376705 hours left.
14039/15061 finished.
0.004971487121213471 hours left.
14040/15061 finished.
0.004966269015124344 hours left.
14041/15061 finished.
0.0049610516424631644 hours left.
14042/15061 finished.
0.004955835022325502 hours left.
14043/15061 finished.
0.004950619140119501 hours left.
14044/15061 finished.
0.004945404005293423 hours left.
14045/15061 finished.
0.004940189608091852 hours left.
14046/15061 finished.
0.004934975957942905 hours left.
14047/15061 finished.
0.004929763049892191 hours left.
14048/15061 finished.
0.004924550883781228 hours left.
14049/15061 finished.
0.004919339454680988 hours left.
14050/15061 finished.
0.0049141287672137875 hours left.
14051/15061 finished.
0.004908918821221281 hours left.
14052/15061 finished.
0.004903709621300608 hours left.
14053/15061 finished.
0.004898501167278362 hours left.
14054/15061 finished.
0.004893293439999833 hours left.
14055/15061 finished.
0.004888086463053748 hours left.
14056/15061 finished.
0.0048828802220459745 hours left.
14057/15061 finished.
0.004877674726293968 hours left.
14058/15061 finished.
0.00487246996617427 hours left.
14059/15061 finished.
0.004867265946264131 hours left.
14060/15061 finished.
0.004862062661690567 hours left.
14061/15061 finished.
0.00485686012644083 hours left.
14062/15061 finished.
0.005583086901505562 hours left.
14063/15061 finished.
0.005577102633116035 hours left.
14064/15061 finished.
0.005571118331061176 hours left.
14065/15061 finished.
0.005565134856242932 hours left.
14066/15061 finished.
0.005559152231979444 hours left.
14067/15061 finished.
0.005553170453409569 hours left.
14068/15061 finished.
0.005547189529716499 hours left.
14069/15061 finished.
0.005541209446694823 hours left.
14070/15061 finished.
0.005535230218187417 hours left.
14071/15061 finished.
0.005529251834678799 hours left.
14072/15061 finished.
0.0055232743053120455 hours left.
14073/15061 finished.
0.0055172976205919285 hours left.
14074/15061 finished.
0.005511321789641478 hours left.
14075/15061 finished.
0.005505346942169087 hours left.
14076/15061 finished.
0.005499372813394376 hours left.
14077/15061 finished.
0.005493399528552557 hours left.
14078/15061 finished.
0.005487427087477905 hours left.
14079/15061 finished.
0.00548145549462405 hours left.
14080/15061 finished.
0.005475484759038822 hours left.
14081/15061 finished.
0.005469514866683613 hours left.
14082/15061 finished.
0.005463545821997108 hours left.
14083/15061 finished.
0.005457577615600357 hours left.
14084/15061 finished.
0.005451610265719653 hours left.
14085/15061 finished.
0.005445643762966089 hours left.
14086/15061 finished.
0.005439678107159245 hours left.
14087/15061 finished.
0.005433713293539675 hours left.
14088/15061 finished.
0.0054277493310902454 hours left.
14089/15061 finished.
0.005421786215046586 hours left.
14090/15061 finished.
0.0054158239452284825 hours left.
14091/15061 finished.
0.0054098625214557714 hours left.
14092/15061 finished.
0.005403901943548342 hours left.
14093/15061 finished.
0.0053979422067772 hours left.
14094/15061 finished.
0.005391983324609134 hours left.
14095/15061 finished.
0.005386025278678498 hours left.
14096/15061 finished.
0.005380068082437116 hours left.
14097/15061 finished.
0.0053741117266323715 hours left.
14098/15061 finished.
0.005368156224671012 hours left.
14099/15061 finished.
0.005362201553749101 hours left.
14100/15061 finished.
0.0053562477317872816 hours left.
14101/15061 finished.
0.005350294758590844 hours left.
14102/15061 finished.
0.005344342624957612 hours left.
14103/15061 finished.
0.005338391339720575 hours left.
14104/15061 finished.
0.005332440893697724 hours left.
14105/15061 finished.
0.00532649129570209 hours left.
14106/15061 finished.
0.0053205425410555235 hours left.
14107/15061 finished.
0.005314594634057377 hours left.
14108/15061 finished.
0.005308647561092268 hours left.
14109/15061 finished.
0.005302701339885706 hours left.
14110/15061 finished.
0.005296755952373791 hours left.
14111/15061 finished.
0.005290811411783391 hours left.
14112/15061 finished.
0.005284867709013099 hours left.
14113/15061 finished.
0.005278924852796168 hours left.
14114/15061 finished.
0.005272982834051326 hours left.
14115/15061 finished.
0.005267041661491894 hours left.
14116/15061 finished.
0.005261101326056735 hours left.
14117/15061 finished.
0.005298623125877752 hours left.
14118/15061 finished.
0.005292636703140602 hours left.
14119/15061 finished.
0.005286649901397978 hours left.
14120/15061 finished.
0.005280663916298831 hours left.
14121/15061 finished.
0.0052746787477681535 hours left.
14122/15061 finished.
0.005268694461784827 hours left.
14123/15061 finished.
0.005262710965678452 hours left.
14124/15061 finished.
0.00525672836051668 hours left.
14125/15061 finished.
0.005250746606472318 hours left.
14126/15061 finished.
0.005244765628829504 hours left.
14127/15061 finished.
0.005238785497705864 hours left.
14128/15061 finished.
0.0052328062041744556 hours left.
14129/15061 finished.
0.005226827765559947 hours left.
14130/15061 finished.
0.005220850172925504 hours left.
14131/15061 finished.
0.005214873417374311 hours left.
14132/15061 finished.
0.005208897516171235 hours left.
14133/15061 finished.
0.0052029224473637194 hours left.
14134/15061 finished.
0.005196948241222626 hours left.
14135/15061 finished.
0.005190974949572215 hours left.
14136/15061 finished.
0.005185002493988019 hours left.
14137/15061 finished.
0.005179030852677481 hours left.
14138/15061 finished.
0.0051730601941888475 hours left.
14139/15061 finished.
0.005167090336479857 hours left.
14140/15061 finished.
0.005161121253639053 hours left.
14141/15061 finished.
0.005155152958652918 hours left.
14142/15061 finished.
0.0051491855031813956 hours left.
14143/15061 finished.
0.005143218882761741 hours left.
14144/15061 finished.
0.005137253187413249 hours left.
14145/15061 finished.
0.005131288318031737 hours left.
14146/15061 finished.
0.005125324291633254 hours left.
14147/15061 finished.
0.005119361120875362 hours left.
14148/15061 finished.
0.005113398771344168 hours left.
14149/15061 finished.
0.005107437417956912 hours left.
14150/15061 finished.
0.005101476795639672 hours left.
14151/15061 finished.
0.005095516972744024 hours left.
14152/15061 finished.
0.005089558008795002 hours left.
14153/15061 finished.
0.005083599882309961 hours left.
14154/15061 finished.
0.005077642605857147 hours left.
14155/15061 finished.
0.0050716861707504795 hours left.
14156/15061 finished.
0.005065730564109811 hours left.
14157/15061 finished.
0.005059775802717573 hours left.
14158/15061 finished.
0.005053821869484645 hours left.
14159/15061 finished.
0.005047868793810792 hours left.
14160/15061 finished.
0.005041916520675622 hours left.
14161/15061 finished.
0.005035965134216798 hours left.
14162/15061 finished.
0.005030014558418427 hours left.
14163/15061 finished.
0.005024064843596481 hours left.
14164/15061 finished.
0.005018115964333553 hours left.
14165/15061 finished.
0.0050121679037099885 hours left.
14166/15061 finished.
0.005006220707648845 hours left.
14167/15061 finished.
0.00500027432991127 hours left.
14168/15061 finished.
0.004994328816311072 hours left.
14169/15061 finished.
0.004988384112380237 hours left.
14170/15061 finished.
0.005168933773974592 hours left.
14171/15061 finished.
0.0051627692795645505 hours left.
14172/15061 finished.
0.005156604655529305 hours left.
14173/15061 finished.
0.00515044088452692 hours left.
14174/15061 finished.
0.005568016161760039 hours left.
14175/15061 finished.
0.005561347248870532 hours left.
14176/15061 finished.
0.0056498396948282655 hours left.
14177/15061 finished.
0.005643058602662081 hours left.
14178/15061 finished.
0.005636277611052059 hours left.
14179/15061 finished.
0.00562949754680798 hours left.
14180/15061 finished.
0.005622718438634566 hours left.
14181/15061 finished.
0.005615940286329557 hours left.
14182/15061 finished.
0.005609163085585986 hours left.
14183/15061 finished.
0.005602386840316396 hours left.
14184/15061 finished.
0.0055956115544135545 hours left.
14185/15061 finished.
0.005588837223570659 hours left.
14186/15061 finished.
0.005582063847585738 hours left.
14187/15061 finished.
0.005575291422176892 hours left.
14188/15061 finished.
0.005568519951232158 hours left.
14189/15061 finished.
0.005561749438619806 hours left.
14190/15061 finished.
0.0055549798759929854 hours left.
14191/15061 finished.
0.005548211271285205 hours left.
14192/15061 finished.
0.005541443616169542 hours left.
14193/15061 finished.
0.005534676918559805 hours left.
14194/15061 finished.
0.005527911170149001 hours left.
14195/15061 finished.
0.005521146378831236 hours left.
14196/15061 finished.
0.005514382532284026 hours left.
14197/15061 finished.
0.0055076196464575655 hours left.
14198/15061 finished.
0.0055008577130698415 hours left.
14199/15061 finished.
0.005494096727899058 hours left.
14200/15061 finished.
0.005487336698790112 hours left.
14201/15061 finished.
0.005480577617505699 hours left.
14202/15061 finished.
0.005473819491871048 hours left.
14203/15061 finished.
0.0054670623096679674 hours left.
14204/15061 finished.
0.00546030609070436 hours left.
14205/15061 finished.
0.005453550818771261 hours left.
14206/15061 finished.
0.005446796497668613 hours left.
14207/15061 finished.
0.00544004312321463 hours left.
14208/15061 finished.
0.005433290699199476 hours left.
14209/15061 finished.
0.00542653922939361 hours left.
14210/15061 finished.
0.005419788709615411 hours left.
14211/15061 finished.
0.005413039139664322 hours left.
14212/15061 finished.
0.005406290515383544 hours left.
14213/15061 finished.
0.005399542844490181 hours left.
14214/15061 finished.
0.005392796122822605 hours left.
14215/15061 finished.
0.005386050346238991 hours left.
14216/15061 finished.
0.0053793055263635535 hours left.
14217/15061 finished.
0.0053725616472399635 hours left.
14218/15061 finished.
0.005365818732257813 hours left.
14219/15061 finished.
0.005359076745861978 hours left.
14220/15061 finished.
0.005352335715344184 hours left.
14221/15061 finished.
0.005345595636562945 hours left.
14222/15061 finished.
0.005338856497582657 hours left.
14223/15061 finished.
0.005332118407489815 hours left.
14224/15061 finished.
0.005325381178639334 hours left.
14225/15061 finished.
0.005318644885108053 hours left.
14226/15061 finished.
0.005311909538402343 hours left.
14227/15061 finished.
0.0053051751344402424 hours left.
14228/15061 finished.
0.005298441680791701 hours left.
14229/15061 finished.
0.005291709177242395 hours left.
14230/15061 finished.
0.0052849776158430005 hours left.
14231/15061 finished.
0.005278246996408864 hours left.
14232/15061 finished.
0.0052715173264707505 hours left.
14233/15061 finished.
0.005264788601961807 hours left.
14234/15061 finished.
0.005258060826530609 hours left.
14235/15061 finished.
0.005251333996120272 hours left.
14236/15061 finished.
0.0052446081028556715 hours left.
14237/15061 finished.
0.00523788316189951 hours left.
14238/15061 finished.
0.00523115916153879 hours left.
14239/15061 finished.
0.005224436105412513 hours left.
14240/15061 finished.
0.005217713997140062 hours left.
14241/15061 finished.
0.005210992828881034 hours left.
14242/15061 finished.
0.005204272608068314 hours left.
14243/15061 finished.
0.00519755332307773 hours left.
14244/15061 finished.
0.005190834988934629 hours left.
14245/15061 finished.
0.005184117597823423 hours left.
14246/15061 finished.
0.005177401145756722 hours left.
14247/15061 finished.
0.005170685636334623 hours left.
14248/15061 finished.
0.0051639710655796735 hours left.
14249/15061 finished.
0.005157257444630378 hours left.
14250/15061 finished.
0.005150544758182288 hours left.
14251/15061 finished.
0.005143833017359281 hours left.
14252/15061 finished.
0.005137122218189039 hours left.
14253/15061 finished.
0.005130412360473358 hours left.
14254/15061 finished.
0.005123703444014095 hours left.
14255/15061 finished.
0.00511699547235776 hours left.
14256/15061 finished.
0.0051102884378122085 hours left.
14257/15061 finished.
0.005103582347663758 hours left.
14258/15061 finished.
0.005096877190510131 hours left.
14259/15061 finished.
0.005090172977357812 hours left.
14260/15061 finished.
0.0050834697005541435 hours left.
14261/15061 finished.
0.00507676737477672 hours left.
14262/15061 finished.
0.005070065984942679 hours left.
14263/15061 finished.
0.0050633655308690885 hours left.
14264/15061 finished.
0.005056666019773969 hours left.
14265/15061 finished.
0.0050499674403584344 hours left.
14266/15061 finished.
0.005043269807217004 hours left.
14267/15061 finished.
0.005036573112751354 hours left.
14268/15061 finished.
0.005029877349402427 hours left.
14269/15061 finished.
0.005023182535382041 hours left.
14270/15061 finished.
0.0050164886484225565 hours left.
14271/15061 finished.
0.0050097957030354615 hours left.
14272/15061 finished.
0.005003103702670167 hours left.
14273/15061 finished.
0.004996412632474773 hours left.
14274/15061 finished.
0.004989722503236006 hours left.
14275/15061 finished.
0.004983033303802499 hours left.
14276/15061 finished.
0.00497634504493171 hours left.
14277/15061 finished.
0.004969657726412086 hours left.
14278/15061 finished.
0.004962971344400244 hours left.
14279/15061 finished.
0.004956285895072434 hours left.
14280/15061 finished.
0.004949601389112926 hours left.
14281/15061 finished.
0.00494291781182689 hours left.
14282/15061 finished.
0.00493623517388403 hours left.
14283/15061 finished.
0.00492955346425085 hours left.
14284/15061 finished.
0.004922872697170359 hours left.
14285/15061 finished.
0.004916192861623841 hours left.
14286/15061 finished.
0.004909513957429585 hours left.
14287/15061 finished.
0.004902835991581684 hours left.
14288/15061 finished.
0.004896158956703231 hours left.
14289/15061 finished.
0.004889482859768881 hours left.
14290/15061 finished.
0.004882807693421382 hours left.
14291/15061 finished.
0.004876133464615956 hours left.
14292/15061 finished.
0.004869460166015 hours left.
14293/15061 finished.
0.004862787811671451 hours left.
14294/15061 finished.
0.004856116383576993 hours left.
14295/15061 finished.
0.004849445888662648 hours left.
14296/15061 finished.
0.00484277632673259 hours left.
14297/15061 finished.
0.004836107694052003 hours left.
14298/15061 finished.
0.004829440032849789 hours left.
14299/15061 finished.
0.004822773272183558 hours left.
14300/15061 finished.
0.0048161074437091025 hours left.
14301/15061 finished.
0.004809442550750405 hours left.
14302/15061 finished.
0.004802778579038723 hours left.
14303/15061 finished.
0.004796115545971389 hours left.
14304/15061 finished.
0.004789453437304152 hours left.
14305/15061 finished.
0.004782792263371008 hours left.
14306/15061 finished.
0.004776132020466904 hours left.
14307/15061 finished.
0.004769472725848013 hours left.
14308/15061 finished.
0.004762814365304446 hours left.
14309/15061 finished.
0.0047561569595096975 hours left.
14310/15061 finished.
0.0047495004734097734 hours left.
14311/15061 finished.
0.0047428449172659095 hours left.
14312/15061 finished.
0.004736190294349099 hours left.
14313/15061 finished.
0.004729536594066692 hours left.
14314/15061 finished.
0.0047229841700875425 hours left.
14315/15061 finished.
0.004716332580489274 hours left.
14316/15061 finished.
0.004709681543129491 hours left.
14317/15061 finished.
0.004703031420771539 hours left.
14318/15061 finished.
0.004696382233899519 hours left.
14319/15061 finished.
0.004689733971994126 hours left.
14320/15061 finished.
0.004683086634875455 hours left.
14321/15061 finished.
0.004676440225785777 hours left.
14322/15061 finished.
0.004669794751365227 hours left.
14323/15061 finished.
0.00466315019774069 hours left.
14324/15061 finished.
0.004656506574969675 hours left.
14325/15061 finished.
0.004649863876038012 hours left.
14326/15061 finished.
0.004643222107561743 hours left.
14327/15061 finished.
0.0046365812625462546 hours left.
14328/15061 finished.
0.004629941344200156 hours left.
14329/15061 finished.
0.004623302355712675 hours left.
14330/15061 finished.
0.00461666429687528 hours left.
14331/15061 finished.
0.004610027157358922 hours left.
14332/15061 finished.
0.004603390943736229 hours left.
14333/15061 finished.
0.004596755652449593 hours left.
14334/15061 finished.
0.004590121290037754 hours left.
14335/15061 finished.
0.004583487856292459 hours left.
14336/15061 finished.
0.004590717462720239 hours left.
14337/15061 finished.
0.0045840664354218075 hours left.
14338/15061 finished.
0.004577415675893457 hours left.
14339/15061 finished.
0.004570765830404662 hours left.
14340/15061 finished.
0.0045641169021494645 hours left.
14341/15061 finished.
0.004557468907602511 hours left.
14342/15061 finished.
0.004550821833260215 hours left.
14343/15061 finished.
0.0045441756855883995 hours left.
14344/15061 finished.
0.0045375304677036975 hours left.
14345/15061 finished.
0.004530886172786615 hours left.
14346/15061 finished.
0.004524242807259496 hours left.
14347/15061 finished.
0.004517600364322343 hours left.
14348/15061 finished.
0.00451095885037822 hours left.
14349/15061 finished.
0.0045043182586466226 hours left.
14350/15061 finished.
0.0044976785955113405 hours left.
14351/15061 finished.
0.004491039860764411 hours left.
14352/15061 finished.
0.004484402044382877 hours left.
14353/15061 finished.
0.004477765152736155 hours left.
14354/15061 finished.
0.004471129185630975 hours left.
14355/15061 finished.
0.004464494146131279 hours left.
14356/15061 finished.
0.004457860030777067 hours left.
14357/15061 finished.
0.004451226836127749 hours left.
14358/15061 finished.
0.004444594565247429 hours left.
14359/15061 finished.
0.004437963221180912 hours left.
14360/15061 finished.
0.004431332797254803 hours left.
14361/15061 finished.
0.004424703299746982 hours left.
14362/15061 finished.
0.004418074725226805 hours left.
14363/15061 finished.
0.004451978126689498 hours left.
14364/15061 finished.
0.004445290766362932 hours left.
14365/15061 finished.
0.004438604092290913 hours left.
14366/15061 finished.
0.00443191834247396 hours left.
14367/15061 finished.
0.004425233523144982 hours left.
14368/15061 finished.
0.00441854962772111 hours left.
14369/15061 finished.
0.004411866665605486 hours left.
14370/15061 finished.
0.004405184630220177 hours left.
14371/15061 finished.
0.004398503527745151 hours left.
14372/15061 finished.
0.004391823418296276 hours left.
14373/15061 finished.
0.004385144177754307 hours left.
14374/15061 finished.
0.00437846586317616 hours left.
14375/15061 finished.
0.004371788477542896 hours left.
14376/15061 finished.
0.004365112017505003 hours left.
14377/15061 finished.
0.004358436489184824 hours left.
14378/15061 finished.
0.004351761882936115 hours left.
14379/15061 finished.
0.0043450882080176825 hours left.
14380/15061 finished.
0.004338415470494127 hours left.
14381/15061 finished.
0.004630632070559316 hours left.
14382/15061 finished.
0.005149188495668309 hours left.
14383/15061 finished.
0.005141248353710235 hours left.
14384/15061 finished.
0.005133308624472787 hours left.
14385/15061 finished.
0.005125369980055961 hours left.
14386/15061 finished.
0.0051174324358535484 hours left.
14387/15061 finished.
0.005109495997855157 hours left.
14388/15061 finished.
0.005101560656522955 hours left.
14389/15061 finished.
0.005093626417841859 hours left.
14390/15061 finished.
0.00508569327849383 hours left.
14391/15061 finished.
0.005077761244430187 hours left.
14392/15061 finished.
0.005069830312328204 hours left.
14393/15061 finished.
0.005061900478884485 hours left.
14394/15061 finished.
0.005053971753090534 hours left.
14395/15061 finished.
0.005046044125495664 hours left.
14396/15061 finished.
0.005038117595884822 hours left.
14397/15061 finished.
0.005030192170151923 hours left.
14398/15061 finished.
0.005022267848053161 hours left.
14399/15061 finished.
0.0050143446262999655 hours left.
14400/15061 finished.
0.0050064224985830585 hours left.
14401/15061 finished.
0.004998501473807754 hours left.
14402/15061 finished.
0.004990581551730512 hours left.
14403/15061 finished.
0.0049826627230310765 hours left.
14404/15061 finished.
0.004974744999592452 hours left.
14405/15061 finished.
0.004966828369092958 hours left.
14406/15061 finished.
0.0049589128463884335 hours left.
14407/15061 finished.
0.004950998413168637 hours left.
14408/15061 finished.
0.004943085078252767 hours left.
14409/15061 finished.
0.004935172844408909 hours left.
14410/15061 finished.
0.0049272617084020935 hours left.
14411/15061 finished.
0.004919351675978074 hours left.
14412/15061 finished.
0.004911442734950176 hours left.
14413/15061 finished.
0.004903534888096342 hours left.
14414/15061 finished.
0.0048956281411481105 hours left.
14415/15061 finished.
0.004887722490894848 hours left.
14416/15061 finished.
0.004879817934145188 hours left.
14417/15061 finished.
0.004871914476602054 hours left.
14418/15061 finished.
0.004864012115069403 hours left.
14419/15061 finished.
0.004856110849319204 hours left.
14420/15061 finished.
0.004848210679123483 hours left.
14421/15061 finished.
0.004840311601315179 hours left.
14422/15061 finished.
0.004832413624483906 hours left.
14423/15061 finished.
0.004824516736654863 hours left.
14424/15061 finished.
0.00481662094932817 hours left.
14425/15061 finished.
0.0048087262505675105 hours left.
14426/15061 finished.
0.004800832648919596 hours left.
14427/15061 finished.
0.004792940141232129 hours left.
14428/15061 finished.
0.004785048724372047 hours left.
14429/15061 finished.
0.004777158403927931 hours left.
14430/15061 finished.
0.004769269176762053 hours left.
14431/15061 finished.
0.0047613810397559115 hours left.
14432/15061 finished.
0.00475349399846953 hours left.
14433/15061 finished.
0.004745608049779744 hours left.
14434/15061 finished.
0.004737723196336322 hours left.
14435/15061 finished.
0.004729839429281666 hours left.
14436/15061 finished.
0.004721956754152104 hours left.
14437/15061 finished.
0.004714075173583232 hours left.
14438/15061 finished.
0.004706194684476142 hours left.
14439/15061 finished.
0.004698315286604062 hours left.
14440/15061 finished.
0.00469043697974028 hours left.
14441/15061 finished.
0.004682559760814787 hours left.
14442/15061 finished.
0.004674683638131081 hours left.
14443/15061 finished.
0.00466680860009876 hours left.
14444/15061 finished.
0.0046589346550071 hours left.
14445/15061 finished.
0.0046510617997911246 hours left.
14446/15061 finished.
0.004643190034224499 hours left.
14447/15061 finished.
0.004635319425633157 hours left.
14448/15061 finished.
0.00462744984138169 hours left.
14449/15061 finished.
0.004619581340481166 hours left.
14450/15061 finished.
0.004611713928334854 hours left.
14451/15061 finished.
0.0046038476075122925 hours left.
14452/15061 finished.
0.0045959823749824056 hours left.
14453/15061 finished.
0.004588118230519297 hours left.
14454/15061 finished.
0.004580255173897133 hours left.
14455/15061 finished.
0.004572393202113677 hours left.
14456/15061 finished.
0.004564532323272614 hours left.
14457/15061 finished.
0.004556672531585823 hours left.
14458/15061 finished.
0.004548813824065577 hours left.
14459/15061 finished.
0.004540956200500669 hours left.
14460/15061 finished.
0.004533099663432557 hours left.
14461/15061 finished.
0.004525244215383676 hours left.
14462/15061 finished.
0.0045173898533713164 hours left.
14463/15061 finished.
0.004509536577170208 hours left.
14464/15061 finished.
0.0045016843838216105 hours left.
14465/15061 finished.
0.004493884189056445 hours left.
14466/15061 finished.
0.004486034240724779 hours left.
14467/15061 finished.
0.004478185219038593 hours left.
14468/15061 finished.
0.004470337282041029 hours left.
14469/15061 finished.
0.004462490426797492 hours left.
14470/15061 finished.
0.00445464465580237 hours left.
14471/15061 finished.
0.004446799966130717 hours left.
14472/15061 finished.
0.004438956365658328 hours left.
14473/15061 finished.
0.004431113846060039 hours left.
14474/15061 finished.
0.004423272409811431 hours left.
14475/15061 finished.
0.004415432059369099 hours left.
14476/15061 finished.
0.004407592791817932 hours left.
14477/15061 finished.
0.004399754604261925 hours left.
14478/15061 finished.
0.004391917496491015 hours left.
14479/15061 finished.
0.004384081473619367 hours left.
14480/15061 finished.
0.0043762465354084895 hours left.
14481/15061 finished.
0.004368412676314811 hours left.
14482/15061 finished.
0.004360579898776322 hours left.
14483/15061 finished.
0.004352748199925932 hours left.
14484/15061 finished.
0.0043449175848305445 hours left.
14485/15061 finished.
0.004337088053251984 hours left.
14486/15061 finished.
0.004329259604952142 hours left.
14487/15061 finished.
0.004321432229196804 hours left.
14488/15061 finished.
0.004313605936282185 hours left.
14489/15061 finished.
0.004305780731199446 hours left.
14490/15061 finished.
0.004297956665877997 hours left.
14491/15061 finished.
0.00429013361732974 hours left.
14492/15061 finished.
0.00428231164287957 hours left.
14493/15061 finished.
0.0042744907423325745 hours left.
14494/15061 finished.
0.004266670925857052 hours left.
14495/15061 finished.
0.004258852188029133 hours left.
14496/15061 finished.
0.0042510345312068865 hours left.
14497/15061 finished.
0.004243217949999804 hours left.
14498/15061 finished.
0.004235402444199018 hours left.
14499/15061 finished.
0.004227588021296894 hours left.
14500/15061 finished.
0.004219774670792722 hours left.
14501/15061 finished.
0.004211962402722329 hours left.
14502/15061 finished.
0.00420415120917591 hours left.
14503/15061 finished.
0.004196341092492978 hours left.
14504/15061 finished.
0.004188532049907453 hours left.
14505/15061 finished.
0.004180724093903896 hours left.
14506/15061 finished.
0.00417291720899963 hours left.
14507/15061 finished.
0.004165111395000547 hours left.
14508/15061 finished.
0.00415730665928574 hours left.
14509/15061 finished.
0.0041495029965792725 hours left.
14510/15061 finished.
0.004141700411702801 hours left.
14511/15061 finished.
0.004133898904419804 hours left.
14512/15061 finished.
0.004126098466977526 hours left.
14513/15061 finished.
0.004118299101682896 hours left.
14514/15061 finished.
0.004110500815815878 hours left.
14515/15061 finished.
0.004102703604143541 hours left.
14516/15061 finished.
0.0040949074664438844 hours left.
14517/15061 finished.
0.004087112402494968 hours left.
14518/15061 finished.
0.0040793184095978844 hours left.
14519/15061 finished.
0.0040715254924896 hours left.
14520/15061 finished.
0.004063733645999035 hours left.
14521/15061 finished.
0.004055942931489489 hours left.
14522/15061 finished.
0.004048153235326064 hours left.
14523/15061 finished.
0.00404036460421345 hours left.
14524/15061 finished.
0.004032577050215918 hours left.
14525/15061 finished.
0.004024790568195809 hours left.
14526/15061 finished.
0.004017005153053356 hours left.
14527/15061 finished.
0.004009220814333435 hours left.
14528/15061 finished.
0.004001437546926944 hours left.
14529/15061 finished.
0.003993655345762656 hours left.
14530/15061 finished.
0.003985874217908627 hours left.
14531/15061 finished.
0.003978094163129593 hours left.
14532/15061 finished.
0.003970315176368682 hours left.
14533/15061 finished.
0.0039625372622313255 hours left.
14534/15061 finished.
0.003958642553965447 hours left.
14535/15061 finished.
0.0039508598846921365 hours left.
14536/15061 finished.
0.00394307759422498 hours left.
14537/15061 finished.
0.003935296330973839 hours left.
14538/15061 finished.
0.003927516130710381 hours left.
14539/15061 finished.
0.003919737000389631 hours left.
14540/15061 finished.
0.003911958937417763 hours left.
14541/15061 finished.
0.003904181943956584 hours left.
14542/15061 finished.
0.0038964060197854552 hours left.
14543/15061 finished.
0.0038886311670427195 hours left.
14544/15061 finished.
0.0038808573807853023 hours left.
14545/15061 finished.
0.003873084660806893 hours left.
14546/15061 finished.
0.0038653130092460154 hours left.
14547/15061 finished.
0.0038575424305624527 hours left.
14548/15061 finished.
0.003849772917501606 hours left.
14549/15061 finished.
0.003842004469857399 hours left.
14550/15061 finished.
0.003834237094401585 hours left.
14551/15061 finished.
0.0038264707839221635 hours left.
14552/15061 finished.
0.0038187055428462392 hours left.
14553/15061 finished.
0.0038109413732515017 hours left.
14554/15061 finished.
0.00380317826335437 hours left.
14555/15061 finished.
0.0037954162198845006 hours left.
14556/15061 finished.
0.003787655242622101 hours left.
14557/15061 finished.
0.0037798953336403984 hours left.
14558/15061 finished.
0.0037721364881291 hours left.
14559/15061 finished.
0.00376437870816626 hours left.
14560/15061 finished.
0.0037566219935323292 hours left.
14561/15061 finished.
0.003748866341733682 hours left.
14562/15061 finished.
0.0037411117571038662 hours left.
14563/15061 finished.
0.0037333582348799423 hours left.
14564/15061 finished.
0.0037256057816367877 hours left.
14565/15061 finished.
0.003717854388105645 hours left.
14566/15061 finished.
0.003710104060847403 hours left.
14567/15061 finished.
0.003702354795136987 hours left.
14568/15061 finished.
0.0036946065974930906 hours left.
14569/15061 finished.
0.003686859460958945 hours left.
14570/15061 finished.
0.003679113385329701 hours left.
14571/15061 finished.
0.0036713683726276895 hours left.
14572/15061 finished.
0.0036636244270789324 hours left.
14573/15061 finished.
0.0036558815395655647 hours left.
14574/15061 finished.
0.0036481397165361545 hours left.
14575/15061 finished.
0.00364039895554963 hours left.
14576/15061 finished.
0.0036326592563874025 hours left.
14577/15061 finished.
0.0036249206188309463 hours left.
14578/15061 finished.
0.003617183042661793 hours left.
14579/15061 finished.
0.0036094465276615357 hours left.
14580/15061 finished.
0.0036017110757966936 hours left.
14581/15061 finished.
0.0035939766846547288 hours left.
14582/15061 finished.
0.0035862433496664458 hours left.
14583/15061 finished.
0.0035785110793249988 hours left.
14584/15061 finished.
0.0035707798690519294 hours left.
14585/15061 finished.
0.0035630497143063614 hours left.
14586/15061 finished.
0.0035553206213686196 hours left.
14587/15061 finished.
0.0035475925878546703 hours left.
14588/15061 finished.
0.003539865613546646 hours left.
14589/15061 finished.
0.0035321396982267357 hours left.
14590/15061 finished.
0.003524414841677191 hours left.
14591/15061 finished.
0.0035166910458136144 hours left.
14592/15061 finished.
0.003508968306147107 hours left.
14593/15061 finished.
0.003501246624598075 hours left.
14594/15061 finished.
0.003493526003068248 hours left.
14595/15061 finished.
0.0034858064793881535 hours left.
14596/15061 finished.
0.0034780879792278958 hours left.
14597/15061 finished.
0.003470370527857215 hours left.
14598/15061 finished.
0.003462654135617581 hours left.
14599/15061 finished.
0.0034549388022777397 hours left.
14600/15061 finished.
0.0037202592196983473 hours left.
14601/15061 finished.
0.0037119357729547063 hours left.
14602/15061 finished.
0.0037036129049757807 hours left.
14603/15061 finished.
0.0036952910637920292 hours left.
14604/15061 finished.
0.0036869703514767365 hours left.
14605/15061 finished.
0.0036786507761370955 hours left.
14606/15061 finished.
0.003670332337553179 hours left.
14607/15061 finished.
0.003662015045797185 hours left.
14608/15061 finished.
0.0036536988882567593 hours left.
14609/15061 finished.
0.0036453838606280617 hours left.
14610/15061 finished.
0.003637069968866644 hours left.
14611/15061 finished.
0.0036287572188720375 hours left.
14612/15061 finished.
0.003620445604277494 hours left.
14613/15061 finished.
0.003612135132985014 hours left.
14614/15061 finished.
0.0036038257986419986 hours left.
14615/15061 finished.
0.0035955175888888647 hours left.
14616/15061 finished.
0.0035872105237399906 hours left.
14617/15061 finished.
0.0035789045948593063 hours left.
14618/15061 finished.
0.0035705998020136164 hours left.
14619/15061 finished.
0.003562296150976875 hours left.
14620/15061 finished.
0.003553993625492469 hours left.
14621/15061 finished.
0.00354569224333464 hours left.
14622/15061 finished.
0.0035373919902959294 hours left.
14623/15061 finished.
0.0035290928800713276 hours left.
14624/15061 finished.
0.003520794898518827 hours left.
14625/15061 finished.
0.003512498049396395 hours left.
14626/15061 finished.
0.0035042023305156354 hours left.
14627/15061 finished.
0.0034959077514971158 hours left.
14628/15061 finished.
0.0034876143042247955 hours left.
14629/15061 finished.
0.0034793219943473246 hours left.
14630/15061 finished.
0.003471030817702192 hours left.
14631/15061 finished.
0.003462740768217836 hours left.
14632/15061 finished.
0.003454451853470853 hours left.
14633/15061 finished.
0.003446164071277943 hours left.
14634/15061 finished.
0.0034378774252717794 hours left.
14635/15061 finished.
0.003429591913264537 hours left.
14636/15061 finished.
0.003421307525394653 hours left.
14637/15061 finished.
0.0034130242672413802 hours left.
14638/15061 finished.
0.0034047421424143595 hours left.
14639/15061 finished.
0.003396461148758618 hours left.
14640/15061 finished.
0.0033881812879468505 hours left.
14641/15061 finished.
0.003379902561633196 hours left.
14642/15061 finished.
0.003371624965767704 hours left.
14643/15061 finished.
0.0033633484906661153 hours left.
14644/15061 finished.
0.0033550731493678237 hours left.
14645/15061 finished.
0.003346798934088523 hours left.
14646/15061 finished.
0.0033385258558841684 hours left.
14647/15061 finished.
0.003330253905107961 hours left.
14648/15061 finished.
0.0033219830834098404 hours left.
14649/15061 finished.
0.0033137133980091047 hours left.
14650/15061 finished.
0.0033054448337549508 hours left.
14651/15061 finished.
0.0032971773997387327 hours left.
14652/15061 finished.
0.003288911090169406 hours left.
14653/15061 finished.
0.0032806459140640913 hours left.
14654/15061 finished.
0.0032723818674712723 hours left.
14655/15061 finished.
0.003264118940972402 hours left.
14656/15061 finished.
0.003255857141712867 hours left.
14657/15061 finished.
0.0032475964731128793 hours left.
14658/15061 finished.
0.0032393369294514487 hours left.
14659/15061 finished.
0.0032310785195928163 hours left.
14660/15061 finished.
0.003222821228758429 hours left.
14661/15061 finished.
0.0032145650640011125 hours left.
14662/15061 finished.
0.003206310021485941 hours left.
14663/15061 finished.
0.0031980561064032667 hours left.
14664/15061 finished.
0.0031898033203018677 hours left.
14665/15061 finished.
0.0031815516593470083 hours left.
14666/15061 finished.
0.003173301132227061 hours left.
14667/15061 finished.
0.003165051720851698 hours left.
14668/15061 finished.
0.0031568034286093096 hours left.
14669/15061 finished.
0.0031485563331826666 hours left.
14670/15061 finished.
0.0031403102943240477 hours left.
14671/15061 finished.
0.0031320653792320115 hours left.
14672/15061 finished.
0.0031238215929444567 hours left.
14673/15061 finished.
0.0031155789246824143 hours left.
14674/15061 finished.
0.0031073373725113043 hours left.
14675/15061 finished.
0.003099096950193077 hours left.
14676/15061 finished.
0.003090857652230531 hours left.
14677/15061 finished.
0.003082619474914846 hours left.
14678/15061 finished.
0.0030743824180305105 hours left.
14679/15061 finished.
0.0030661464813620735 hours left.
14680/15061 finished.
0.0030579116612564536 hours left.
14681/15061 finished.
0.0030496779695255976 hours left.
14682/15061 finished.
0.0030414453939176947 hours left.
14683/15061 finished.
0.0030332139427701028 hours left.
14684/15061 finished.
0.0030249836158260292 hours left.
14685/15061 finished.
0.0030167544077416217 hours left.
14686/15061 finished.
0.003008526325066192 hours left.
14687/15061 finished.
0.0030002993540375954 hours left.
14688/15061 finished.
0.0029920735045874326 hours left.
14689/15061 finished.
0.0029838487764731144 hours left.
14690/15061 finished.
0.002975625169452114 hours left.
14691/15061 finished.
0.002967402678278067 hours left.
14692/15061 finished.
0.002959181311066911 hours left.
14693/15061 finished.
0.0029509610642311336 hours left.
14694/15061 finished.
0.0029427419292579384 hours left.
14695/15061 finished.
0.0029345239142218563 hours left.
14696/15061 finished.
0.002926307020525617 hours left.
14697/15061 finished.
0.002918091242992539 hours left.
14698/15061 finished.
0.0029098765863152204 hours left.
14699/15061 finished.
0.0029016630469758335 hours left.
14700/15061 finished.
0.0028934506166143482 hours left.
14701/15061 finished.
0.002885239309668095 hours left.
14702/15061 finished.
0.002877029117767932 hours left.
14703/15061 finished.
0.002868820045537524 hours left.
14704/15061 finished.
0.002860612083073755 hours left.
14705/15061 finished.
0.002852405238220908 hours left.
14706/15061 finished.
0.0028441995043426154 hours left.
14707/15061 finished.
0.0028359948908174104 hours left.
14708/15061 finished.
0.0028277913926077697 hours left.
14709/15061 finished.
0.0028195890079013345 hours left.
14710/15061 finished.
0.002811387744385883 hours left.
14711/15061 finished.
0.0028031875939004336 hours left.
14712/15061 finished.
0.0027949885546604708 hours left.
14713/15061 finished.
0.002786790626466419 hours left.
14714/15061 finished.
0.0027785938169279517 hours left.
14715/15061 finished.
0.0027703981195475683 hours left.
14716/15061 finished.
0.002762203540322551 hours left.
14717/15061 finished.
0.002754010069696344 hours left.
14718/15061 finished.
0.0027458177121137245 hours left.
14719/15061 finished.
0.0027376264673478336 hours left.
14720/15061 finished.
0.0027294670760919506 hours left.
14721/15061 finished.
0.002721277993110239 hours left.
14722/15061 finished.
0.0027130900007526558 hours left.
14723/15061 finished.
0.002704903120271505 hours left.
14724/15061 finished.
0.002696717345377045 hours left.
14725/15061 finished.
0.0026885326819427956 hours left.
14726/15061 finished.
0.00268034912823573 hours left.
14727/15061 finished.
0.0026721666840432783 hours left.
14728/15061 finished.
0.002663985352147733 hours left.
14729/15061 finished.
0.0026558051263378397 hours left.
14730/15061 finished.
0.00264762601684623 hours left.
14731/15061 finished.
0.0026394480219080036 hours left.
14732/15061 finished.
0.0026312711338606753 hours left.
14733/15061 finished.
0.0026230953495569916 hours left.
14734/15061 finished.
0.0026149206791149103 hours left.
14735/15061 finished.
0.0026067471178715185 hours left.
14736/15061 finished.
0.0025985746670616366 hours left.
14737/15061 finished.
0.002590403324989691 hours left.
14738/15061 finished.
0.0025822330856241998 hours left.
14739/15061 finished.
0.0025740639574757746 hours left.
14740/15061 finished.
0.002565895938849029 hours left.
14741/15061 finished.
0.0025577290251916564 hours left.
14742/15061 finished.
0.0025495632234711746 hours left.
14743/15061 finished.
0.0025413985748472564 hours left.
14744/15061 finished.
0.002533234986100129 hours left.
14745/15061 finished.
0.0025250725057156444 hours left.
14746/15061 finished.
0.0025169111306253744 hours left.
14747/15061 finished.
0.002508750864848373 hours left.
14748/15061 finished.
0.002500591701104255 hours left.
14749/15061 finished.
0.002492433640610246 hours left.
14750/15061 finished.
0.0024842766873580586 hours left.
14751/15061 finished.
0.002476120841109039 hours left.
14752/15061 finished.
0.002467966098850155 hours left.
14753/15061 finished.
0.0024598124645182906 hours left.
14754/15061 finished.
0.002451659939239286 hours left.
14755/15061 finished.
0.0024435085117594743 hours left.
14756/15061 finished.
0.002435358190136334 hours left.
14757/15061 finished.
0.0024272089754958973 hours left.
14758/15061 finished.
0.002419060866226482 hours left.
14759/15061 finished.
0.002410913862089942 hours left.
14760/15061 finished.
0.0024027679547447642 hours left.
14761/15061 finished.
0.0023946231521113017 hours left.
14762/15061 finished.
0.002386479455293007 hours left.
14763/15061 finished.
0.0023783368640382494 hours left.
14764/15061 finished.
0.0023701953727664157 hours left.
14765/15061 finished.
0.0023620549799532337 hours left.
14766/15061 finished.
0.002353915692031458 hours left.
14767/15061 finished.
0.002345777508749714 hours left.
14768/15061 finished.
0.0023376404285427323 hours left.
14769/15061 finished.
0.002329504443316648 hours left.
14770/15061 finished.
0.002321369558135588 hours left.
14771/15061 finished.
0.0023132357779905685 hours left.
14772/15061 finished.
0.0023051031000254716 hours left.
14773/15061 finished.
0.0022969715240030246 hours left.
14774/15061 finished.
0.0022888410432533473 hours left.
14775/15061 finished.
0.0022807116640176646 hours left.
14776/15061 finished.
0.0022725833860588857 hours left.
14777/15061 finished.
0.0022644562078671586 hours left.
14778/15061 finished.
0.0022563301317557465 hours left.
14779/15061 finished.
0.0022482051498918906 hours left.
14780/15061 finished.
0.0022400812684028886 hours left.
14781/15061 finished.
0.002231958484542841 hours left.
14782/15061 finished.
0.0022238368006024176 hours left.
14783/15061 finished.
0.002215716218835827 hours left.
14784/15061 finished.
0.0022075967340156283 hours left.
14785/15061 finished.
0.0021994783422237666 hours left.
14786/15061 finished.
0.0021913610506826705 hours left.
14787/15061 finished.
0.0021832448542335294 hours left.
14788/15061 finished.
0.0021751297587941456 hours left.
14789/15061 finished.
0.0021670157592286444 hours left.
14790/15061 finished.
0.0021589028565416686 hours left.
14791/15061 finished.
0.0021507910553464926 hours left.
14792/15061 finished.
0.0021426803445265875 hours left.
14793/15061 finished.
0.0021345707323267215 hours left.
14794/15061 finished.
0.002126462214911464 hours left.
14795/15061 finished.
0.0021183547920722526 hours left.
14796/15061 finished.
0.0021102484695313265 hours left.
14797/15061 finished.
0.0021021432422855266 hours left.
14798/15061 finished.
0.002094039104227616 hours left.
14799/15061 finished.
0.002085936063411305 hours left.
14800/15061 finished.
0.002077834118419402 hours left.
14801/15061 finished.
0.0020697332690163732 hours left.
14802/15061 finished.
0.0020616335126491005 hours left.
14803/15061 finished.
0.0020535348491094894 hours left.
14804/15061 finished.
0.002045437279339221 hours left.
14805/15061 finished.
0.0020373408031166594 hours left.
14806/15061 finished.
0.0020292454213608475 hours left.
14807/15061 finished.
0.002021151134972688 hours left.
14808/15061 finished.
0.0020130579380458397 hours left.
14809/15061 finished.
0.002004965832653789 hours left.
14810/15061 finished.
0.001996874823078532 hours left.
14811/15061 finished.
0.0019887849057042416 hours left.
14812/15061 finished.
0.0019806960803097034 hours left.
14813/15061 finished.
0.0019726083455649836 hours left.
14814/15061 finished.
0.001964521700158388 hours left.
14815/15061 finished.
0.001956436148294918 hours left.
14816/15061 finished.
0.0019483517050583972 hours left.
14817/15061 finished.
0.0019402683405635045 hours left.
14818/15061 finished.
0.0019321860645138825 hours left.
14819/15061 finished.
0.00192410487455296 hours left.
14820/15061 finished.
0.0019160247748224142 hours left.
14821/15061 finished.
0.001907945767246438 hours left.
14822/15061 finished.
0.0018998678494413768 hours left.
14823/15061 finished.
0.001891791023313385 hours left.
14824/15061 finished.
0.0018837152801442006 hours left.
14825/15061 finished.
0.0018756406292835825 hours left.
14826/15061 finished.
0.0018675670683708243 hours left.
14827/15061 finished.
0.0018594945992623964 hours left.
14828/15061 finished.
0.0018514232164938823 hours left.
14829/15061 finished.
0.001843352917800048 hours left.
14830/15061 finished.
0.0018352837061099616 hours left.
14831/15061 finished.
0.0018272155822441996 hours left.
14832/15061 finished.
0.0018191485470052562 hours left.
14833/15061 finished.
0.0018110825991415704 hours left.
14834/15061 finished.
0.0018030177384332337 hours left.
14835/15061 finished.
0.0017949539676871689 hours left.
14836/15061 finished.
0.0017868912846340135 hours left.
14837/15061 finished.
0.0017788296850410055 hours left.
14838/15061 finished.
0.001770769171715247 hours left.
14839/15061 finished.
0.001762709746418727 hours left.
14840/15061 finished.
0.001754651406932177 hours left.
14841/15061 finished.
0.001746594154017849 hours left.
14842/15061 finished.
0.0017385379815794508 hours left.
14843/15061 finished.
0.001730482897247012 hours left.
14844/15061 finished.
0.0017224288978559955 hours left.
14845/15061 finished.
0.0017143759860780432 hours left.
14846/15061 finished.
0.0017063241539803796 hours left.
14847/15061 finished.
0.0016982734080938178 hours left.
14848/15061 finished.
0.001690223746272018 hours left.
14849/15061 finished.
0.0016821751692414942 hours left.
14850/15061 finished.
0.0016741276767697176 hours left.
14851/15061 finished.
0.0016660812630053068 hours left.
14852/15061 finished.
0.0016580359333890392 hours left.
14853/15061 finished.
0.0016627834497024289 hours left.
14854/15061 finished.
0.0016546781828381963 hours left.
14855/15061 finished.
0.0016465737619852626 hours left.
14856/15061 finished.
0.0016384704217153345 hours left.
14857/15061 finished.
0.0016303681719602953 hours left.
14858/15061 finished.
0.0016222670097854291 hours left.
14859/15061 finished.
0.001614166939512895 hours left.
14860/15061 finished.
0.0016060679591038988 hours left.
14861/15061 finished.
0.0015979700683384289 hours left.
14862/15061 finished.
0.0015898732652229832 hours left.
14863/15061 finished.
0.001581777551329281 hours left.
14864/15061 finished.
0.0015736829281929733 hours left.
14865/15061 finished.
0.0015655893929475055 hours left.
14866/15061 finished.
0.0015574969462554195 hours left.
14867/15061 finished.
0.001549405587897057 hours left.
14868/15061 finished.
0.0015413153176528185 hours left.
14869/15061 finished.
0.0015332261353031645 hours left.
14870/15061 finished.
0.0015251380406286136 hours left.
14871/15061 finished.
0.0015170510342559008 hours left.
14872/15061 finished.
0.0015089651134271916 hours left.
14873/15061 finished.
0.001500880281298791 hours left.
14874/15061 finished.
0.0014927965342938839 hours left.
14875/15061 finished.
0.001484713873876577 hours left.
14876/15061 finished.
0.0014766323014749666 hours left.
14877/15061 finished.
0.0014685518135665173 hours left.
14878/15061 finished.
0.0014604724115884586 hours left.
14879/15061 finished.
0.001452394096942026 hours left.
14880/15061 finished.
0.0014443168669645292 hours left.
14881/15061 finished.
0.0014362407222517349 hours left.
14882/15061 finished.
0.001428165661788289 hours left.
14883/15061 finished.
0.0014200916869531398 hours left.
14884/15061 finished.
0.0014120187983016946 hours left.
14885/15061 finished.
0.001403946991672985 hours left.
14886/15061 finished.
0.0013958762700032696 hours left.
14887/15061 finished.
0.0013878066322864945 hours left.
14888/15061 finished.
0.0013797380775346692 hours left.
14889/15061 finished.
0.0013716706078381374 hours left.
14890/15061 finished.
0.001363604260980082 hours left.
14891/15061 finished.
0.001355538957409088 hours left.
14892/15061 finished.
0.0013474747366905497 hours left.
14893/15061 finished.
0.0013394115978592647 hours left.
14894/15061 finished.
0.0013313495414532346 hours left.
14895/15061 finished.
0.0013232885672544482 hours left.
14896/15061 finished.
0.0013152286743113655 hours left.
14897/15061 finished.
0.0013071698646068548 hours left.
14898/15061 finished.
0.0012991121349977199 hours left.
14899/15061 finished.
0.0012910554874534616 hours left.
14900/15061 finished.
0.0012829999210272683 hours left.
14901/15061 finished.
0.0012749454355014801 hours left.
14902/15061 finished.
0.0012668920299518682 hours left.
14903/15061 finished.
0.0012588397055786342 hours left.
14904/15061 finished.
0.00125078846215082 hours left.
14905/15061 finished.
0.0012427382973580635 hours left.
14906/15061 finished.
0.0012346892123872666 hours left.
14907/15061 finished.
0.0012266412077052932 hours left.
14908/15061 finished.
0.001218594281722049 hours left.
14909/15061 finished.
0.001210548435584205 hours left.
14910/15061 finished.
0.0012025036683904493 hours left.
14911/15061 finished.
0.0011944599799237053 hours left.
14912/15061 finished.
0.0011864173699669546 hours left.
14913/15061 finished.
0.001178375838303236 hours left.
14914/15061 finished.
0.0011703353840628774 hours left.
14915/15061 finished.
0.00116229600833906 hours left.
14916/15061 finished.
0.001154257710901547 hours left.
14917/15061 finished.
0.001146220490241519 hours left.
14918/15061 finished.
0.001138184347425433 hours left.
14919/15061 finished.
0.001130149281592875 hours left.
14920/15061 finished.
0.001122115291275543 hours left.
14921/15061 finished.
0.0011140823781480118 hours left.
14922/15061 finished.
0.001106050541363486 hours left.
14923/15061 finished.
0.0010980197807055876 hours left.
14924/15061 finished.
0.0010899900965659513 hours left.
14925/15061 finished.
0.0010819614881114013 hours left.
14926/15061 finished.
0.0010739339551257335 hours left.
14927/15061 finished.
0.0010659074967982775 hours left.
14928/15061 finished.
0.0010578821135164228 hours left.
14929/15061 finished.
0.0010498578050641384 hours left.
14930/15061 finished.
0.001041834570644352 hours left.
14931/15061 finished.
0.0010338124106311947 hours left.
14932/15061 finished.
0.0010258005913378607 hours left.
14933/15061 finished.
0.001017780534289597 hours left.
14934/15061 finished.
0.0010097615246735302 hours left.
14935/15061 finished.
0.001001743589151572 hours left.
14936/15061 finished.
0.000993726725831902 hours left.
14937/15061 finished.
0.0009857109367249325 hours left.
14938/15061 finished.
0.0009776962188617364 hours left.
14939/15061 finished.
0.0010832287311454652 hours left.
14940/15061 finished.
0.0010742782389020062 hours left.
14941/15061 finished.
0.001065328617830836 hours left.
14942/15061 finished.
0.0010563801885622745 hours left.
14943/15061 finished.
0.0010474329557100925 hours left.
14944/15061 finished.
0.0010384869200977193 hours left.
14945/15061 finished.
0.0010295420814848254 hours left.
14946/15061 finished.
0.0010205984391215683 hours left.
14947/15061 finished.
0.0010116559932862549 hours left.
14948/15061 finished.
0.0010027147442393963 hours left.
14949/15061 finished.
0.0009937746912313415 hours left.
14950/15061 finished.
0.000984835834022084 hours left.
14951/15061 finished.
0.0009758981723716793 hours left.
14952/15061 finished.
0.0009669617060402487 hours left.
14953/15061 finished.
0.0009580264343096406 hours left.
14954/15061 finished.
0.0009490923579012365 hours left.
14955/15061 finished.
0.0009401594756231375 hours left.
14956/15061 finished.
0.0009312277881790102 hours left.
14957/15061 finished.
0.0009222972948554208 hours left.
14958/15061 finished.
0.0009133679954128741 hours left.
14959/15061 finished.
0.0009044398891603596 hours left.
14960/15061 finished.
0.0008955129767661286 hours left.
14961/15061 finished.
0.0008865872575348399 hours left.
14962/15061 finished.
0.0008776627312272553 hours left.
14963/15061 finished.
0.0008687394132193978 hours left.
14964/15061 finished.
0.0008659905807808518 hours left.
14965/15061 finished.
0.0008570056439030208 hours left.
14966/15061 finished.
0.0008480218465380221 hours left.
14967/15061 finished.
0.0008390392473262355 hours left.
14968/15061 finished.
0.000830057849385788 hours left.
14969/15061 finished.
0.0008210777904212534 hours left.
14970/15061 finished.
0.000812098793478061 hours left.
14971/15061 finished.
0.0008031209917713777 hours left.
14972/15061 finished.
0.0007941443887375681 hours left.
14973/15061 finished.
0.0007851689841497343 hours left.
14974/15061 finished.
0.0007761947781658254 hours left.
14975/15061 finished.
0.0007672217709260578 hours left.
14976/15061 finished.
0.000758249962177032 hours left.
14977/15061 finished.
0.0007492793505510872 hours left.
14978/15061 finished.
0.0007403099369359663 hours left.
14979/15061 finished.
0.0007313417199908153 hours left.
14980/15061 finished.
0.0007223747005768229 hours left.
14981/15061 finished.
0.0007134088777335958 hours left.
14982/15061 finished.
0.0007044442519332267 hours left.
14983/15061 finished.
0.000695480822578002 hours left.
14984/15061 finished.
0.0006865185890880465 hours left.
14985/15061 finished.
0.0006775575519089827 hours left.
14986/15061 finished.
0.0006685977104566207 hours left.
14987/15061 finished.
0.0006596390641646025 hours left.
14988/15061 finished.
0.0006506816134520903 hours left.
14989/15061 finished.
0.0006417253577484125 hours left.
14990/15061 finished.
0.0006327702968144079 hours left.
14991/15061 finished.
0.0006238164304109791 hours left.
14992/15061 finished.
0.0006148637579942843 hours left.
14993/15061 finished.
0.0006059122796390371 hours left.
14994/15061 finished.
0.0006061698861952725 hours left.
14995/15061 finished.
0.0005970827827483295 hours left.
14996/15061 finished.
0.0005885138488754593 hours left.
14997/15061 finished.
0.0005794214686714469 hours left.
14998/15061 finished.
0.0005703299947541021 hours left.
14999/15061 finished.
0.0005612397241154041 hours left.
15000/15061 finished.
0.000552150664197074 hours left.
15001/15061 finished.
0.000543062815339746 hours left.
15002/15061 finished.
0.0005339761775881871 hours left.
15003/15061 finished.
0.0005248907512255234 hours left.
15004/15061 finished.
0.0005158065357447031 hours left.
15005/15061 finished.
0.0005067235309036301 hours left.
15006/15061 finished.
0.0004976417362175371 hours left.
15007/15061 finished.
0.0004885611519343596 hours left.
15008/15061 finished.
0.00047948177733115043 hours left.
15009/15061 finished.
0.00047040361332660927 hours left.
15010/15061 finished.
0.00046132665805066926 hours left.
15011/15061 finished.
0.0004522509117426617 hours left.
15012/15061 finished.
0.0004431763746065607 hours left.
15013/15061 finished.
0.0004341030461757634 hours left.
15014/15061 finished.
0.00042503092641607283 hours left.
15015/15061 finished.
0.0004159600146669753 hours left.
15016/15061 finished.
0.0004068903108988281 hours left.
15017/15061 finished.
0.0003978218144822141 hours left.
15018/15061 finished.
0.00038875452577128485 hours left.
15019/15061 finished.
0.0003796884446967777 hours left.
15020/15061 finished.
0.0003706235702679097 hours left.
15021/15061 finished.
0.00036155990279922135 hours left.
15022/15061 finished.
0.00035249744169256984 hours left.
15023/15061 finished.
0.0003434361868877967 hours left.
15024/15061 finished.
0.00033437613830712687 hours left.
15025/15061 finished.
0.00032531729553781215 hours left.
15026/15061 finished.
0.0003162596581848445 hours left.
15027/15061 finished.
0.0003072032263204867 hours left.
15028/15061 finished.
0.00029814799954544074 hours left.
15029/15061 finished.
0.00028909397761915396 hours left.
15030/15061 finished.
0.00028004116016454067 hours left.
15031/15061 finished.
0.000270989547483148 hours left.
15032/15061 finished.
0.00026193913865604713 hours left.
15033/15061 finished.
0.00025288993371613475 hours left.
15034/15061 finished.
0.00024384193230423824 hours left.
15035/15061 finished.
0.0002347951345370076 hours left.
15036/15061 finished.
0.00022574954179958328 hours left.
15037/15061 finished.
0.00021670515024443477 hours left.
15038/15061 finished.
0.0002076619611469094 hours left.
15039/15061 finished.
0.00019861997429356141 hours left.
15040/15061 finished.
0.0001895791897484174 hours left.
15041/15061 finished.
0.00018053960717039923 hours left.
15042/15061 finished.
0.00017150122623613097 hours left.
15043/15061 finished.
0.00016246404687766976 hours left.
15044/15061 finished.
0.00015342806876735842 hours left.
15045/15061 finished.
0.00014439329173609723 hours left.
15046/15061 finished.
0.000135359715333125 hours left.
15047/15061 finished.
0.0001263273395303318 hours left.
15048/15061 finished.
0.00011729616401794637 hours left.
15049/15061 finished.
0.00010826618850388279 hours left.
15050/15061 finished.
9.923741285895106e-05 hours left.
15051/15061 finished.
9.020983731481165e-05 hours left.
15052/15061 finished.
8.118346068189398e-05 hours left.
15053/15061 finished.
7.215828300283531e-05 hours left.
15054/15061 finished.
6.313430417068467e-05 hours left.
15055/15061 finished.
5.411152394654861e-05 hours left.
15056/15061 finished.
4.508994211359082e-05 hours left.
15057/15061 finished.
3.6069558402251315e-05 hours left.
15058/15061 finished.
2.7050372587023185e-05 hours left.
15059/15061 finished.
1.8032384398480846e-05 hours left.
15060/15061 finished.
9.015593606848376e-06 hours left.
15061/15061 finished.
0.0 hours left.
0.13595704979366727 hours
