[1] "Starting Preprocessing"
[1] "2022-09-23 15:13:17 EDT"
[1] "Starting first load."
[1] "2022-09-23 15:13:17 EDT"
[1] "Starting first models."
[1] "2022-09-23 15:21:34 EDT"
[1] 45379679      100
Large data regression model: bigglm(formula(form[i]), data = cou, maxit = 10^6, family = binomial())
Sample size =  45379679 
               Coef    (95%     CI)     SE p
(Intercept) -5.7692 -5.7746 -5.7638 0.0027 0
image       16.6738 16.2567 17.0908 0.2085 0
[1] "Not Good"
[1] "permission_denied ~ permission_denied"
[1] "Not Good"
[1] "permission_denied ~ functionFunctionWords"
[1] "Not Good"
[1] "permission_denied ~ pronounPronouns"
[1] "Not Good"
[1] "permission_denied ~ ppronPersonalPronouns"
[1] "Not Good"
[1] "permission_denied ~ iI"
[1] "Not Good"
[1] "permission_denied ~ weWe"
[1] "Not Good"
[1] "permission_denied ~ youYou"
[1] "Not Good"
[1] "permission_denied ~ sheheSheHe"
[1] "Not Good"
[1] "permission_denied ~ theyThey"
[1] "Not Good"
[1] "permission_denied ~ youpl"
[1] "Not Good"
[1] "permission_denied ~ ipronImpersonalPronouns"
[1] "Not Good"
[1] "permission_denied ~ prepPrepositions"
[1] "Not Good"
[1] "permission_denied ~ auxverbAuxiliaryVerbs"
[1] "Not Good"
[1] "permission_denied ~ adverbAdverbs"
[1] "Not Good"
[1] "permission_denied ~ conjConjunctions"
[1] "Not Good"
[1] "permission_denied ~ negateNegations"
[1] "Not Good"
[1] "permission_denied ~ quanunit"
[1] "Not Good"
[1] "permission_denied ~ prepend"
[1] "Not Good"
[1] "permission_denied ~ specart"
[1] "Not Good"
[1] "permission_denied ~ tensem"
[1] "Not Good"
[1] "permission_denied ~ focuspastPastFocus"
[1] "Not Good"
[1] "permission_denied ~ focuspresentPresentFocus"
[1] "Not Good"
[1] "permission_denied ~ focusfutureFutureFocus"
[1] "Not Good"
[1] "permission_denied ~ progm"
[1] "Not Good"
[1] "permission_denied ~ particle"
[1] "Not Good"
[1] "permission_denied ~ modal_pa"
[1] "Not Good"
[1] "permission_denied ~ general_pa"
[1] "Not Good"
[1] "permission_denied ~ compareComparisons"
[1] "Not Good"
[1] "permission_denied ~ interrogInterrogatives"
[1] "Not Good"
[1] "permission_denied ~ numberNumbers"
[1] "Not Good"
[1] "permission_denied ~ quantQuantifiers"
[1] "Not Good"
[1] "permission_denied ~ affectAffect"
[1] "Not Good"
[1] "permission_denied ~ posemoPositiveEmotions"
[1] "Not Good"
[1] "permission_denied ~ negemoNegativeEmotions"
[1] "Not Good"
[1] "permission_denied ~ anxAnx"
[1] "Not Good"
[1] "permission_denied ~ angerAnger"
[1] "Not Good"
[1] "permission_denied ~ sadSad"
[1] "Not Good"
[1] "permission_denied ~ socialSocial"
[1] "Not Good"
[1] "permission_denied ~ familyFamily"
[1] "Not Good"
[1] "permission_denied ~ friendFriends"
[1] "Not Good"
[1] "permission_denied ~ femaleFemale"
[1] "Not Good"
[1] "permission_denied ~ maleMale"
[1] "Not Good"
[1] "permission_denied ~ cogprocCognitiveProcesses"
[1] "Not Good"
[1] "permission_denied ~ insightInsight"
[1] "Not Good"
[1] "permission_denied ~ causeCausal"
[1] "Not Good"
[1] "permission_denied ~ discrepDiscrepancies"
[1] "Not Good"
[1] "permission_denied ~ tentatTentative"
[1] "Not Good"
[1] "permission_denied ~ certainCertainty"
[1] "Not Good"
[1] "permission_denied ~ differDifferentiation"
[1] "Not Good"
[1] "permission_denied ~ perceptPerceptualProcesses"
[1] "Not Good"
[1] "permission_denied ~ seeSee"
[1] "Not Good"
[1] "permission_denied ~ hearHear"
[1] "Not Good"
[1] "permission_denied ~ feelFeel"
[1] "Not Good"
[1] "permission_denied ~ bioBiologicalProcesses"
[1] "Not Good"
[1] "permission_denied ~ bodyBody"
[1] "Not Good"
[1] "permission_denied ~ healthHealth"
[1] "Not Good"
[1] "permission_denied ~ sexualSexual"
[1] "Not Good"
[1] "permission_denied ~ ingestIngest"
[1] "Not Good"
[1] "permission_denied ~ drivesDrives"
[1] "Not Good"
[1] "permission_denied ~ affiliationAffiliation"
[1] "Not Good"
[1] "permission_denied ~ achieveAchievement"
[1] "Not Good"
[1] "permission_denied ~ powerPower"
[1] "Not Good"
[1] "permission_denied ~ rewardReward"
[1] "Not Good"
[1] "permission_denied ~ riskRisk"
[1] "Not Good"
[1] "permission_denied ~ relativRelativity"
[1] "Not Good"
[1] "permission_denied ~ motionMotion"
[1] "Not Good"
[1] "permission_denied ~ spaceSpace"
[1] "Not Good"
[1] "permission_denied ~ timeTime"
[1] "Not Good"
[1] "permission_denied ~ workWork"
[1] "Not Good"
[1] "permission_denied ~ leisureLeisure"
[1] "Not Good"
[1] "permission_denied ~ homeHome"
[1] "Not Good"
[1] "permission_denied ~ moneyMoney"
[1] "Not Good"
[1] "permission_denied ~ religReligion"
[1] "Not Good"
[1] "permission_denied ~ deathDeath"
[1] "Not Good"
[1] "permission_denied ~ informalInformalLanguage"
[1] "Not Good"
[1] "permission_denied ~ swearSwear"
[1] "Not Good"
[1] "permission_denied ~ netspeakNetspeak"
[1] "Not Good"
[1] "permission_denied ~ assentAssent"
[1] "Not Good"
[1] "permission_denied ~ nonfluNonfluencies"
[1] "Not Good"
[1] "permission_denied ~ fillerFillerWords"
[1] "Not Good"
[1] "permission_denied ~ persconcPersonalConcerns"
[1] "Not Good"
[1] "permission_denied ~ totallen"
[1] "Not Good"
[1] "permission_denied ~ tokencount"
[1] "Not Good"
[1] "permission_denied ~ notdict"
Large data regression model: bigglm(formula(form[i]), data = cou, maxit = 10^6, family = binomial())
Sample size =  45379679 
                    Coef    (95%     CI)     SE      p
(Intercept)      -3.4553 -3.4571 -3.4536 0.0009 0.0000
opronounPronouns  0.0642 -0.5788  0.7072 0.3215 0.8418
[1] "Not Good"
[1] "permission_denied ~ otensem"
[1] "Not Good"
[1] "permission_denied ~ onegemoNegativeEmotions"
[1] "Not Good"
[1] "permission_denied ~ ofunctionFunctionWords"
[1] "Not Good"
[1] "permission_denied ~ oaffectAffect"
[1] "Not Good"
[1] "permission_denied ~ osocialSocial"
[1] "Not Good"
[1] "permission_denied ~ ocogprocCognitiveProcesses"
[1] "Not Good"
[1] "permission_denied ~ operceptPerceptualProcesses"
[1] "Not Good"
[1] "permission_denied ~ obioBiologicalProcesses"
[1] "Not Good"
[1] "permission_denied ~ orelativRelativity"
[1] "Not Good"
[1] "permission_denied ~ oinformalInformalLanguage"
[1] 45379679
[1] "First models fit."
[1] "2022-09-23 18:54:33 EDT"
[1] "Starting iterations."
